0 info it worked if it ends with ok
1 verbose cli [ '/usr/local/bin/node',
1 verbose cli   '/usr/local/bin/npm',
1 verbose cli   'install',
1 verbose cli   'jade',
1 verbose cli   '-g' ]
2 info using npm@2.14.2
3 info using node@v4.0.0
4 verbose install initial load of /usr/local/lib/package.json
5 verbose readDependencies loading dependencies from /usr/local/lib/package.json
6 silly cache add args [ 'jade', null ]
7 verbose cache add spec jade
8 silly cache add parsed spec Result {
8 silly cache add   raw: 'jade',
8 silly cache add   scope: null,
8 silly cache add   name: 'jade',
8 silly cache add   rawSpec: '',
8 silly cache add   spec: '*',
8 silly cache add   type: 'range' }
9 silly addNamed jade@*
10 verbose addNamed "*" is a valid semver range for jade
11 silly addNameRange { name: 'jade', range: '*', hasData: false }
12 silly mapToRegistry name jade
13 silly mapToRegistry using default registry
14 silly mapToRegistry registry https://registry.npmjs.org/
15 silly mapToRegistry uri https://registry.npmjs.org/jade
16 verbose addNameRange registry:https://registry.npmjs.org/jade not in flight; fetching
17 verbose request uri https://registry.npmjs.org/jade
18 verbose request no auth needed
19 info attempt registry request try #1 at 2:34:12 PM
20 verbose request id 9cfb280621c3dff7
21 verbose etag "DR2YLOC3Z54V0F9IC6KN8HZ79"
22 http request GET https://registry.npmjs.org/jade
23 http 200 https://registry.npmjs.org/jade
24 silly get cb [ 200,
24 silly get   { server: 'CouchDB/1.5.0 (Erlang OTP/R16B03)',
24 silly get     etag: '"ACYLNWG07RC5OHMVGTIDAOYQJ"',
24 silly get     'content-type': 'application/json',
24 silly get     'cache-control': 'max-age=60',
24 silly get     'content-length': '147854',
24 silly get     'accept-ranges': 'bytes',
24 silly get     date: 'Sun, 04 Oct 2015 21:34:13 GMT',
24 silly get     via: '1.1 varnish',
24 silly get     age: '0',
24 silly get     connection: 'keep-alive',
24 silly get     'x-served-by': 'cache-sjc3123-SJC',
24 silly get     'x-cache': 'HIT',
24 silly get     'x-cache-hits': '1',
24 silly get     'x-timer': 'S1443994453.137798,VS0,VE38',
24 silly get     vary: 'Accept' } ]
25 verbose get saving jade to /Users/Christian/.npm/registry.npmjs.org/jade/.cache.json
26 silly addNameRange number 2 { name: 'jade', range: '*', hasData: true }
27 silly addNameRange versions [ 'jade',
27 silly addNameRange   [ '0.0.1',
27 silly addNameRange     '0.0.2',
27 silly addNameRange     '0.1.0',
27 silly addNameRange     '0.2.0',
27 silly addNameRange     '0.2.1',
27 silly addNameRange     '0.2.2',
27 silly addNameRange     '0.2.3',
27 silly addNameRange     '0.2.4',
27 silly addNameRange     '0.3.0',
27 silly addNameRange     '0.4.0',
27 silly addNameRange     '0.4.1',
27 silly addNameRange     '0.5.0',
27 silly addNameRange     '0.5.1',
27 silly addNameRange     '0.5.2',
27 silly addNameRange     '0.5.3',
27 silly addNameRange     '0.5.4',
27 silly addNameRange     '0.5.5',
27 silly addNameRange     '0.5.6',
27 silly addNameRange     '0.5.7',
27 silly addNameRange     '0.6.0',
27 silly addNameRange     '0.6.1',
27 silly addNameRange     '0.6.3',
27 silly addNameRange     '0.7.0',
27 silly addNameRange     '0.7.1',
27 silly addNameRange     '0.8.0',
27 silly addNameRange     '0.8.1',
27 silly addNameRange     '0.8.2',
27 silly addNameRange     '0.8.3',
27 silly addNameRange     '0.8.4',
27 silly addNameRange     '0.8.5',
27 silly addNameRange     '0.8.6',
27 silly addNameRange     '0.8.7',
27 silly addNameRange     '0.8.8',
27 silly addNameRange     '0.8.9',
27 silly addNameRange     '0.9.0',
27 silly addNameRange     '0.9.1',
27 silly addNameRange     '0.9.2',
27 silly addNameRange     '0.9.3',
27 silly addNameRange     '0.10.0',
27 silly addNameRange     '0.10.1',
27 silly addNameRange     '0.10.2',
27 silly addNameRange     '0.10.3',
27 silly addNameRange     '0.10.4',
27 silly addNameRange     '0.10.5',
27 silly addNameRange     '0.10.6',
27 silly addNameRange     '0.10.7',
27 silly addNameRange     '0.11.0',
27 silly addNameRange     '0.11.1',
27 silly addNameRange     '0.12.0',
27 silly addNameRange     '0.12.1',
27 silly addNameRange     '0.12.2',
27 silly addNameRange     '0.12.3',
27 silly addNameRange     '0.12.4',
27 silly addNameRange     '0.13.0',
27 silly addNameRange     '0.14.0',
27 silly addNameRange     '0.14.1',
27 silly addNameRange     '0.14.2',
27 silly addNameRange     '0.15.0',
27 silly addNameRange     '0.15.1',
27 silly addNameRange     '0.15.2',
27 silly addNameRange     '0.15.3',
27 silly addNameRange     '0.15.4',
27 silly addNameRange     '0.16.0',
27 silly addNameRange     '0.16.1',
27 silly addNameRange     '0.16.2',
27 silly addNameRange     '0.16.3',
27 silly addNameRange     '0.16.4',
27 silly addNameRange     '0.17.0',
27 silly addNameRange     '0.18.0',
27 silly addNameRange     '0.19.0',
27 silly addNameRange     '0.20.0',
27 silly addNameRange     '0.20.1',
27 silly addNameRange     '0.20.2',
27 silly addNameRange     '0.20.3',
27 silly addNameRange     '0.21.0',
27 silly addNameRange     '0.22.0',
27 silly addNameRange     '0.22.1',
27 silly addNameRange     '0.23.0',
27 silly addNameRange     '0.24.0',
27 silly addNameRange     '0.25.0',
27 silly addNameRange     '0.26.0',
27 silly addNameRange     '0.26.1',
27 silly addNameRange     '0.26.2',
27 silly addNameRange     '0.26.3',
27 silly addNameRange     '0.27.0',
27 silly addNameRange     '0.27.1',
27 silly addNameRange     '0.27.2',
27 silly addNameRange     '0.27.3',
27 silly addNameRange     '0.27.4',
27 silly addNameRange     '0.27.5',
27 silly addNameRange     '0.27.6',
27 silly addNameRange     '0.27.7',
27 silly addNameRange     '0.28.0',
27 silly addNameRange     '0.28.1',
27 silly addNameRange     '0.28.2',
27 silly addNameRange     '0.29.0',
27 silly addNameRange     '0.30.0',
27 silly addNameRange     '0.31.0',
27 silly addNameRange     '0.31.1',
27 silly addNameRange     '0.31.2',
27 silly addNameRange     '0.32.0',
27 silly addNameRange     '0.33.0',
27 silly addNameRange     '0.34.0',
27 silly addNameRange     '0.34.1',
27 silly addNameRange     '0.35.0',
27 silly addNameRange     '1.0.0',
27 silly addNameRange     '1.0.1',
27 silly addNameRange     '1.0.2',
27 silly addNameRange     '1.1.0',
27 silly addNameRange     '1.1.1',
27 silly addNameRange     '1.1.2',
27 silly addNameRange     '1.1.3',
27 silly addNameRange     '1.1.4',
27 silly addNameRange     '1.1.5',
27 silly addNameRange     '1.2.0',
27 silly addNameRange     '1.3.0',
27 silly addNameRange     '1.3.1',
27 silly addNameRange     '1.4.0',
27 silly addNameRange     '1.4.1',
27 silly addNameRange     '1.4.2',
27 silly addNameRange     '1.5.0',
27 silly addNameRange     '1.6.0',
27 silly addNameRange     '1.7.0',
27 silly addNameRange     '1.8.0',
27 silly addNameRange     '1.8.1',
27 silly addNameRange     '1.8.2',
27 silly addNameRange     '1.9.0',
27 silly addNameRange     '1.9.1',
27 silly addNameRange     '1.9.2',
27 silly addNameRange     '1.10.0',
27 silly addNameRange     '1.11.0' ] ]
28 silly addNamed jade@1.11.0
29 verbose addNamed "1.11.0" is a plain semver version for jade
30 silly cache afterAdd jade@1.11.0
31 verbose afterAdd /Users/Christian/.npm/jade/1.11.0/package/package.json not in flight; writing
32 verbose afterAdd /Users/Christian/.npm/jade/1.11.0/package/package.json written
33 silly install resolved [ { name: 'jade',
33 silly install resolved     description: 'A clean, whitespace-sensitive template language for writing HTML',
33 silly install resolved     version: '1.11.0',
33 silly install resolved     author: { name: 'TJ Holowaychuk', email: 'tj@vision-media.ca' },
33 silly install resolved     maintainers: [ [Object], [Object], [Object], [Object] ],
33 silly install resolved     license: 'MIT',
33 silly install resolved     repository: { type: 'git', url: 'git://github.com/jadejs/jade.git' },
33 silly install resolved     main: 'lib',
33 silly install resolved     bin: { jade: './bin/jade.js' },
33 silly install resolved     dependencies:
33 silly install resolved      { 'character-parser': '1.2.1',
33 silly install resolved        'clean-css': '^3.1.9',
33 silly install resolved        commander: '~2.6.0',
33 silly install resolved        constantinople: '~3.0.1',
33 silly install resolved        jstransformer: '0.0.2',
33 silly install resolved        mkdirp: '~0.5.0',
33 silly install resolved        transformers: '2.1.0',
33 silly install resolved        'uglify-js': '^2.4.19',
33 silly install resolved        'void-elements': '~2.0.1',
33 silly install resolved        with: '~4.0.0' },
33 silly install resolved     devDependencies:
33 silly install resolved      { browserify: '*',
33 silly install resolved        'browserify-middleware': '~4.1.0',
33 silly install resolved        'code-mirror': '~3.22.0',
33 silly install resolved        'coffee-script': '*',
33 silly install resolved        coveralls: '^2.11.2',
33 silly install resolved        express: '~4.10.4',
33 silly install resolved        'github-basic': '^4.1.2',
33 silly install resolved        handle: '~1.0.0',
33 silly install resolved        'highlight-codemirror': '~4.1.0',
33 silly install resolved        inconsolata: '0.0.2',
33 silly install resolved        istanbul: '*',
33 silly install resolved        'jade-code-mirror': '~1.0.5',
33 silly install resolved        'jade-highlighter': '~1.0.5',
33 silly install resolved        'jstransformer-cdata': '0.0.3',
33 silly install resolved        'jstransformer-coffee-script': '0.0.2',
33 silly install resolved        'jstransformer-less': '^1.0.0',
33 silly install resolved        'jstransformer-marked': '0.0.1',
33 silly install resolved        'jstransformer-stylus': '0.0.1',
33 silly install resolved        'jstransformer-verbatim': '0.0.2',
33 silly install resolved        less: '<2.0.0',
33 silly install resolved        'less-file': '0.0.9',
33 silly install resolved        linify: '*',
33 silly install resolved        lsr: '^1.0.0',
33 silly install resolved        marked: '~0.3.3',
33 silly install resolved        mocha: '*',
33 silly install resolved        opener: '^1.3.0',
33 silly install resolved        'pull-request': '^3.0.0',
33 silly install resolved        rimraf: '^2.2.8',
33 silly install resolved        should: '*',
33 silly install resolved        stop: '^3.0.0-rc1',
33 silly install resolved        stylus: '*',
33 silly install resolved        twbs: '0.0.6',
33 silly install resolved        'uglify-js': '*' },
33 silly install resolved     component: { scripts: [Object] },
33 silly install resolved     scripts:
33 silly install resolved      { test: 'mocha -R spec',
33 silly install resolved        precoverage: 'rimraf coverage && rimraf cov-pt*',
33 silly install resolved        coverage: 'istanbul cover --report none --dir cov-pt0 node_modules/mocha/bin/_mocha -- -R dot',
33 silly install resolved        postcoverage: 'istanbul report --include cov-pt\\*/coverage.json && rimraf cov-pt*',
33 silly install resolved        coveralls: 'npm run coverage && cat ./coverage/lcov.info | coveralls',
33 silly install resolved        prepublish: 'npm prune && linify transform bin && npm run build',
33 silly install resolved        build: 'npm run compile',
33 silly install resolved        compile: 'npm run compile-full && npm run compile-runtime',
33 silly install resolved        'compile-full': 'browserify ./lib/index.js --standalone jade -x ./node_modules/transformers > jade.js',
33 silly install resolved        'compile-runtime': 'browserify ./lib/runtime.js --standalone jade > runtime.js' },
33 silly install resolved     browser: { fs: false, './lib/filters.js': './lib/filters-client.js' },
33 silly install resolved     homepage: 'http://jade-lang.com',
33 silly install resolved     gitHead: '31966399f86b15159f2ff47dff99fbf4c92fadd5',
33 silly install resolved     bugs: { url: 'https://github.com/jadejs/jade/issues' },
33 silly install resolved     _id: 'jade@1.11.0',
33 silly install resolved     _shasum: '9c80e538c12d3fb95c8d9bb9559fa0cc040405fd',
33 silly install resolved     _from: 'jade@*',
33 silly install resolved     _npmVersion: '2.11.0',
33 silly install resolved     _nodeVersion: '2.2.1',
33 silly install resolved     _npmUser: { name: 'alubbe', email: 'npm@lubbe.org' },
33 silly install resolved     dist:
33 silly install resolved      { shasum: '9c80e538c12d3fb95c8d9bb9559fa0cc040405fd',
33 silly install resolved        tarball: 'http://registry.npmjs.org/jade/-/jade-1.11.0.tgz' },
33 silly install resolved     directories: {},
33 silly install resolved     _resolved: 'https://registry.npmjs.org/jade/-/jade-1.11.0.tgz',
33 silly install resolved     readme: 'ERROR: No README data found!' } ]
34 info install jade@1.11.0 into /usr/local/lib
35 info installOne jade@1.11.0
36 verbose installOne of jade to /usr/local/lib not in flight; installing
37 verbose lock using /Users/Christian/.npm/_locks/jade-a5bf0277675e407f.lock for /usr/local/lib/node_modules/jade
38 silly install write writing jade 1.11.0 to /usr/local/lib/node_modules/jade
39 verbose unbuild lib/node_modules/jade
40 silly gentlyRm /usr/local/lib/node_modules/jade is being purged from base /usr/local
41 verbose gentlyRm don't care about contents; nuking /usr/local/lib/node_modules/jade
42 verbose tar unpack /Users/Christian/.npm/jade/1.11.0/package.tgz
43 verbose tar unpacking to /usr/local/lib/node_modules/jade
44 silly gentlyRm /usr/local/lib/node_modules/jade is being purged
45 verbose gentlyRm don't care about contents; nuking /usr/local/lib/node_modules/jade
46 silly gunzTarPerm modes [ '755', '644' ]
47 error tar.unpack untar error /Users/Christian/.npm/jade/1.11.0/package.tgz
48 verbose unlock done using /Users/Christian/.npm/_locks/jade-a5bf0277675e407f.lock for /usr/local/lib/node_modules/jade
49 verbose fstream_path /usr/local/lib/node_modules/jade
50 verbose fstream_type Directory
51 verbose fstream_class DirWriter
52 verbose stack Error: EACCES: permission denied, mkdir '/usr/local/lib/node_modules/jade'
52 verbose stack     at Error (native)
53 verbose fstream_stack /usr/local/lib/node_modules/npm/node_modules/fstream/lib/dir-writer.js:35:25
53 verbose fstream_stack /usr/local/lib/node_modules/npm/node_modules/mkdirp/index.js:47:53
53 verbose fstream_stack FSReqWrap.oncomplete (fs.js:82:15)
54 verbose cwd /Users/Christian/github/robofeeder-rpi/views
55 error Darwin 14.5.0
56 error argv "/usr/local/bin/node" "/usr/local/bin/npm" "install" "jade" "-g"
57 error node v4.0.0
58 error npm  v2.14.2
59 error path /usr/local/lib/node_modules/jade
60 error code EACCES
61 error errno -13
62 error syscall mkdir
63 error Error: EACCES: permission denied, mkdir '/usr/local/lib/node_modules/jade'
63 error     at Error (native)
63 error  { [Error: EACCES: permission denied, mkdir '/usr/local/lib/node_modules/jade']
63 error   errno: -13,
63 error   code: 'EACCES',
63 error   syscall: 'mkdir',
63 error   path: '/usr/local/lib/node_modules/jade',
63 error   fstream_type: 'Directory',
63 error   fstream_path: '/usr/local/lib/node_modules/jade',
63 error   fstream_class: 'DirWriter',
63 error   fstream_stack:
63 error    [ '/usr/local/lib/node_modules/npm/node_modules/fstream/lib/dir-writer.js:35:25',
63 error      '/usr/local/lib/node_modules/npm/node_modules/mkdirp/index.js:47:53',
63 error      'FSReqWrap.oncomplete (fs.js:82:15)' ] }
64 error Please try running this command again as root/Administrator.
65 verbose exit [ -13, true ]
66 verbose unbuild lib/node_modules/jade
67 silly gentlyRm /usr/local/lib/node_modules/jade is being purged from base /usr/local
68 verbose gentlyRm don't care about contents; nuking /usr/local/lib/node_modules/jade
